TN:
SF:src\polyfills.ts
FNF:0
FNH:0
LF:0
LH:0
BRF:0
BRH:0
end_of_record
TN:
SF:src\test.ts
FNF:0
FNH:0
DA:18,1
DA:23,1
DA:25,1
LF:3
LH:3
BRF:0
BRH:0
end_of_record
TN:
SF:src\app\app.component.ts
FNF:0
FNH:0
DA:8,1
DA:9,2
LF:2
LH:2
BRF:0
BRH:0
end_of_record
TN:
SF:src\app\current-tab.service.ts
FN:20,(anonymous_0)
FN:33,(anonymous_1)
FN:42,(anonymous_2)
FN:45,(anonymous_3)
FN:60,(anonymous_4)
FN:65,(anonymous_5)
FN:67,(anonymous_6)
FN:73,(anonymous_7)
FN:77,(anonymous_8)
FN:81,(anonymous_9)
FNF:10
FNH:10
FNDA:10,(anonymous_0)
FNDA:2,(anonymous_1)
FNDA:11,(anonymous_2)
FNDA:10,(anonymous_3)
FNDA:1,(anonymous_4)
FNDA:12,(anonymous_5)
FNDA:23,(anonymous_6)
FNDA:26,(anonymous_7)
FNDA:1,(anonymous_8)
FNDA:2,(anonymous_9)
DA:11,1
DA:13,10
DA:14,10
DA:20,10
DA:21,10
DA:22,10
DA:29,10
DA:34,2
DA:35,2
DA:37,2
DA:38,2
DA:42,11
DA:45,10
DA:49,2
DA:50,1
DA:52,2
DA:56,2
DA:57,2
DA:61,1
DA:62,1
DA:66,12
DA:67,12
DA:68,23
DA:70,12
DA:74,26
DA:78,1
DA:82,2
LF:27
LH:27
BRDA:33,0,0,2
BRDA:34,1,0,2
BRDA:34,1,1,2
BRDA:49,2,0,1
BRDA:49,2,1,1
BRF:5
BRH:5
end_of_record
TN:
SF:src\app\file-data.ts
FN:5,(anonymous_0)
FN:7,(anonymous_1)
FN:18,(anonymous_2)
FN:20,(anonymous_3)
FN:31,(anonymous_4)
FN:132,(anonymous_5)
FNF:6
FNH:6
FNDA:48,(anonymous_0)
FNDA:240,(anonymous_1)
FNDA:8,(anonymous_2)
FNDA:40,(anonymous_3)
FNDA:1448,(anonymous_4)
FNDA:7,(anonymous_5)
DA:5,1
DA:6,48
DA:8,240
DA:18,1
DA:19,8
DA:21,40
DA:31,1
DA:35,1448
DA:45,328
DA:46,88
DA:47,88
DA:48,240
DA:50,88
DA:54,240
DA:55,240
DA:56,240
DA:57,1200
DA:59,240
DA:64,1
DA:123,1
DA:133,7
DA:163,1
LF:22
LH:22
BRDA:35,0,0,1120
BRDA:35,0,1,328
BRDA:35,1,0,1448
BRDA:35,1,1,1448
BRDA:45,2,0,88
BRDA:45,2,1,240
BRDA:54,3,0,240
BRDA:54,3,1,0
BRDA:57,4,0,1200
BRDA:57,4,1,0
BRF:10
BRH:8
end_of_record
TN:
SF:src\app\file-explorer.service.ts
FN:13,(anonymous_0)
FN:18,(anonymous_1)
FN:20,(anonymous_2)
FN:24,(anonymous_3)
FN:26,(anonymous_4)
FN:29,(anonymous_5)
FN:31,(anonymous_6)
FN:37,(anonymous_7)
FN:40,(anonymous_8)
FN:41,(anonymous_9)
FN:44,(anonymous_10)
FN:53,(anonymous_11)
FN:56,(anonymous_12)
FN:58,(anonymous_13)
FN:59,(anonymous_14)
FN:61,(anonymous_15)
FN:62,(anonymous_16)
FNF:17
FNH:17
FNDA:18,(anonymous_0)
FNDA:3,(anonymous_1)
FNDA:13,(anonymous_2)
FNDA:6,(anonymous_3)
FNDA:4,(anonymous_4)
FNDA:2,(anonymous_5)
FNDA:4,(anonymous_6)
FNDA:4,(anonymous_7)
FNDA:3,(anonymous_8)
FNDA:6,(anonymous_9)
FNDA:37,(anonymous_10)
FNDA:6,(anonymous_11)
FNDA:2,(anonymous_12)
FNDA:2,(anonymous_13)
FNDA:1,(anonymous_14)
FNDA:2,(anonymous_15)
FNDA:1,(anonymous_16)
DA:9,1
DA:14,18
DA:15,18
DA:18,18
DA:20,18
DA:21,13
DA:24,18
DA:26,18
DA:27,4
DA:28,2
DA:29,2
DA:30,2
DA:31,2
DA:32,4
DA:35,2
DA:37,4
DA:41,6
DA:42,3
DA:43,3
DA:44,37
DA:45,3
DA:46,3
DA:48,3
DA:53,6
DA:57,2
DA:58,2
DA:59,1
DA:61,2
DA:62,1
LF:29
LH:29
BRDA:27,0,0,2
BRDA:27,0,1,2
BRDA:57,1,0,1
BRDA:57,1,1,1
BRF:4
BRH:4
end_of_record
TN:
SF:src\app\content-pane\content-pane.component.ts
FN:17,(anonymous_0)
FN:20,(anonymous_1)
FN:24,(anonymous_2)
FNF:3
FNH:3
FNDA:3,(anonymous_0)
FNDA:1,(anonymous_1)
FNDA:1,(anonymous_2)
DA:13,1
DA:14,3
DA:17,3
DA:21,1
DA:25,1
DA:26,1
LF:6
LH:6
BRF:0
BRH:0
end_of_record
TN:
SF:src\app\content-pane\file-selection.service.ts
FN:7,(anonymous_0)
FN:12,(anonymous_1)
FNF:2
FNH:2
FNDA:2,(anonymous_0)
FNDA:10,(anonymous_1)
DA:5,1
DA:10,2
DA:13,10
LF:3
LH:3
BRF:0
BRH:0
end_of_record
TN:
SF:src\app\content-pane\content-section\content-section.component.ts
FN:16,(anonymous_0)
FN:18,(anonymous_1)
FNF:2
FNH:2
FNDA:6,(anonymous_0)
FNDA:6,(anonymous_1)
DA:11,1
DA:19,6
LF:2
LH:2
BRF:0
BRH:0
end_of_record
TN:
SF:src\app\content-pane\file-folder\file-folder.component.ts
FN:21,(anonymous_0)
FN:26,(anonymous_1)
FN:28,(anonymous_2)
FN:34,(anonymous_3)
FN:37,(anonymous_4)
FN:45,(anonymous_5)
FNF:6
FNH:6
FNDA:17,(anonymous_0)
FNDA:17,(anonymous_1)
FNDA:10,(anonymous_2)
FNDA:17,(anonymous_3)
FNDA:3,(anonymous_4)
FNDA:2,(anonymous_5)
DA:11,1
DA:16,17
DA:17,17
DA:18,17
DA:21,17
DA:22,17
DA:23,17
DA:27,17
DA:28,17
DA:29,10
DA:30,10
DA:31,7
DA:34,17
DA:38,3
DA:39,1
DA:40,1
DA:42,3
DA:46,2
DA:47,2
DA:48,2
DA:49,1
LF:21
LH:21
BRDA:30,0,0,7
BRDA:30,0,1,3
BRDA:38,1,0,1
BRDA:38,1,1,2
BRDA:38,2,0,3
BRDA:38,2,1,1
BRDA:48,3,0,1
BRDA:48,3,1,1
BRF:8
BRH:8
end_of_record
TN:
SF:src\app\footer\footer.component.ts
FN:11,(anonymous_0)
FN:13,(anonymous_1)
FN:16,(anonymous_2)
FNF:3
FNH:3
FNDA:5,(anonymous_0)
FNDA:3,(anonymous_1)
FNDA:3,(anonymous_2)
DA:9,1
DA:10,5
DA:11,5
DA:14,3
DA:17,3
LF:5
LH:5
BRF:0
BRH:0
end_of_record
TN:
SF:src\app\header\header.component.ts
FN:13,(anonymous_0)
FN:16,(anonymous_1)
FN:17,(anonymous_2)
FNF:3
FNH:3
FNDA:4,(anonymous_0)
FNDA:2,(anonymous_1)
FNDA:2,(anonymous_2)
DA:9,1
DA:13,4
DA:17,2
DA:18,2
DA:19,2
LF:5
LH:5
BRF:0
BRH:0
end_of_record
TN:
SF:src\app\header\toolbar\toolbar.component.ts
FN:14,(anonymous_0)
FN:18,(anonymous_1)
FN:19,(anonymous_2)
FN:25,(anonymous_3)
FNF:4
FNH:4
FNDA:7,(anonymous_0)
FNDA:5,(anonymous_1)
FNDA:5,(anonymous_2)
FNDA:2,(anonymous_3)
DA:10,1
DA:14,7
DA:15,7
DA:19,5
DA:20,5
DA:21,5
DA:26,2
DA:27,1
DA:29,1
LF:9
LH:9
BRDA:26,0,0,1
BRDA:26,0,1,1
BRF:2
BRH:2
end_of_record
TN:
SF:src\app\header\toolbar-nav\toolbar-nav.component.ts
FN:10,(anonymous_0)
FN:12,(anonymous_1)
FNF:2
FNH:2
FNDA:5,(anonymous_0)
FNDA:3,(anonymous_1)
DA:8,1
LF:1
LH:1
BRF:0
BRH:0
end_of_record
TN:
SF:src\app\navigator\navigator.component.ts
FN:15,(anonymous_0)
FN:18,(anonymous_1)
FN:19,(anonymous_2)
FNF:3
FNH:3
FNDA:3,(anonymous_0)
FNDA:1,(anonymous_1)
FNDA:1,(anonymous_2)
DA:11,1
DA:15,3
DA:19,1
DA:20,1
DA:21,1
LF:5
LH:5
BRF:0
BRH:0
end_of_record
TN:
SF:src\app\navigator\file-path\file-path.component.ts
FN:13,(anonymous_0)
FN:16,(anonymous_1)
FN:17,(anonymous_2)
FNF:3
FNH:3
FNDA:1,(anonymous_0)
FNDA:1,(anonymous_1)
FNDA:1,(anonymous_2)
DA:9,1
DA:13,1
DA:17,1
DA:18,1
DA:19,1
LF:5
LH:5
BRF:0
BRH:0
end_of_record
TN:
SF:src\app\navigator\search-bar\search-bar.component.ts
FN:19,(anonymous_0)
FN:22,(anonymous_1)
FN:23,(anonymous_2)
FN:28,(anonymous_3)
FN:31,(anonymous_4)
FN:39,(anonymous_5)
FN:46,(anonymous_6)
FN:50,(anonymous_7)
FN:56,(anonymous_8)
FN:61,(anonymous_9)
FN:67,(anonymous_10)
FN:69,(anonymous_11)
FN:73,(anonymous_12)
FN:75,(anonymous_13)
FN:79,(anonymous_14)
FNF:15
FNH:15
FNDA:10,(anonymous_0)
FNDA:8,(anonymous_1)
FNDA:8,(anonymous_2)
FNDA:8,(anonymous_3)
FNDA:9,(anonymous_4)
FNDA:3,(anonymous_5)
FNDA:5,(anonymous_6)
FNDA:5,(anonymous_7)
FNDA:2,(anonymous_8)
FNDA:1,(anonymous_9)
FNDA:2,(anonymous_10)
FNDA:10,(anonymous_11)
FNDA:2,(anonymous_12)
FNDA:10,(anonymous_13)
FNDA:1,(anonymous_14)
DA:11,1
DA:14,10
DA:17,10
DA:19,10
DA:23,8
DA:24,8
DA:25,8
DA:26,8
DA:28,8
DA:29,8
DA:30,8
DA:31,8
DA:32,9
DA:33,9
DA:40,3
DA:41,1
DA:42,1
DA:43,1
DA:45,2
DA:47,5
DA:49,2
DA:51,5
DA:53,2
DA:57,2
DA:58,2
DA:62,1
DA:63,1
DA:64,1
DA:68,2
DA:69,10
DA:74,2
DA:75,10
DA:80,1
DA:81,1
LF:34
LH:34
BRDA:40,0,0,1
BRDA:40,0,1,2
BRF:2
BRH:2
end_of_record
TN:
SF:src\app\side-bar\side-bar.component.ts
FN:18,(anonymous_0)
FN:21,(anonymous_1)
FNF:2
FNH:2
FNDA:3,(anonymous_0)
FNDA:1,(anonymous_1)
DA:11,1
DA:18,3
DA:22,1
LF:3
LH:3
BRF:0
BRH:0
end_of_record
TN:
SF:src\app\side-bar\dropdown-list\dropdown-list.component.ts
FN:18,(anonymous_0)
FN:21,(anonymous_1)
FN:22,(anonymous_2)
FN:27,(anonymous_3)
FNF:4
FNH:4
FNDA:5,(anonymous_0)
FNDA:5,(anonymous_1)
FNDA:5,(anonymous_2)
FNDA:1,(anonymous_3)
DA:10,1
DA:18,5
DA:22,5
DA:23,5
DA:28,1
LF:5
LH:5
BRF:0
BRH:0
end_of_record
TN:
SF:src\app\side-bar\dropdown-list\list-item\list-item.component.ts
FN:14,(anonymous_0)
FN:17,(anonymous_1)
FN:18,(anonymous_2)
FN:23,(anonymous_3)
FNF:4
FNH:4
FNDA:18,(anonymous_0)
FNDA:18,(anonymous_1)
FNDA:18,(anonymous_2)
FNDA:1,(anonymous_3)
DA:10,1
DA:12,18
DA:14,18
DA:18,18
DA:19,18
DA:24,1
LF:6
LH:6
BRF:0
BRH:0
end_of_record
